# JRE version: Java(TM) SE Runtime Environment (8.0_191-b12) (build 1.8.0_191-b12)
# Java VM: Java HotSpot(TM) 64-Bit Server VM (25.191-b12 mixed mode windows-amd64 compressed oops)
Heap:
 PSYoungGen      total 309248K, used 287452K [0x00000000d5580000, 0x00000000eb680000, 0x0000000100000000)
  eden space 286208K, 92% used [0x00000000d5580000,0x00000000e57bbd28,0x00000000e6d00000)
  from space 23040K, 99% used [0x00000000e8e80000,0x00000000ea4fb3a8,0x00000000ea500000)
  to   space 34304K, 0% used [0x00000000e6d00000,0x00000000e6d00000,0x00000000e8e80000)
 ParOldGen       total 101376K, used 61422K [0x0000000080000000, 0x0000000086300000, 0x00000000d5580000)
  object space 101376K, 60% used [0x0000000080000000,0x0000000083bfb8f8,0x0000000086300000)
 Metaspace       used 79775K, capacity 83186K, committed 83276K, reserved 1120256K
  class space    used 10906K, capacity 11543K, committed 11596K, reserved 1048576K
GC Heap History (10 events):
Event: 25.169 GC heap before
{Heap before GC invocations=17 (full 2):
 PSYoungGen      total 174592K, used 45486K [0x00000000d5580000, 0x00000000e1180000, 0x0000000100000000)
  eden space 159744K, 19% used [0x00000000d5580000,0x00000000d746d1b0,0x00000000df180000)
  from space 14848K, 93% used [0x00000000e0280000,0x00000000e0ffe8d0,0x00000000e1100000)
  to   space 16384K, 0% used [0x00000000df180000,0x00000000df180000,0x00000000e0180000)
 ParOldGen       total 71168K, used 25536K [0x0000000080000000, 0x0000000084580000, 0x00000000d5580000)
  object space 71168K, 35% used [0x0000000080000000,0x00000000818f0258,0x0000000084580000)
 Metaspace       used 56980K, capacity 59158K, committed 59416K, reserved 1099776K
  class space    used 7874K, capacity 8298K, committed 8320K, reserved 1048576K
Event: 25.187 GC heap after
Heap after GC invocations=17 (full 2):
 PSYoungGen      total 176128K, used 3586K [0x00000000d5580000, 0x00000000e5a80000, 0x0000000100000000)
  eden space 159744K, 0% used [0x00000000d5580000,0x00000000d5580000,0x00000000df180000)
  from space 16384K, 21% used [0x00000000df180000,0x00000000df500bb8,0x00000000e0180000)
  to   space 16384K, 0% used [0x00000000e4a80000,0x00000000e4a80000,0x00000000e5a80000)
 ParOldGen       total 71168K, used 32360K [0x0000000080000000, 0x0000000084580000, 0x00000000d5580000)
  object space 71168K, 45% used [0x0000000080000000,0x0000000081f9a2c8,0x0000000084580000)
 Metaspace       used 56980K, capacity 59158K, committed 59416K, reserved 1099776K
  class space    used 7874K, capacity 8298K, committed 8320K, reserved 1048576K
}
Event: 25.335 GC heap before
{Heap before GC invocations=18 (full 2):
 PSYoungGen      total 176128K, used 12155K [0x00000000d5580000, 0x00000000e5a80000, 0x0000000100000000)
  eden space 159744K, 5% used [0x00000000d5580000,0x00000000d5dde260,0x00000000df180000)
  from space 16384K, 21% used [0x00000000df180000,0x00000000df500bb8,0x00000000e0180000)
  to   space 16384K, 0% used [0x00000000e4a80000,0x00000000e4a80000,0x00000000e5a80000)
 ParOldGen       total 71168K, used 32360K [0x0000000080000000, 0x0000000084580000, 0x00000000d5580000)
  object space 71168K, 45% used [0x0000000080000000,0x0000000081f9a2c8,0x0000000084580000)
 Metaspace       used 57284K, capacity 59406K, committed 59492K, reserved 1099776K
  class space    used 7927K, capacity 8334K, committed 8396K, reserved 1048576K
Event: 25.344 GC heap after
Heap after GC invocations=18 (full 2):
 PSYoungGen      total 250880K, used 721K [0x00000000d5580000, 0x00000000e5b00000, 0x0000000100000000)
  eden space 234496K, 0% used [0x00000000d5580000,0x00000000d5580000,0x00000000e3a80000)
  from space 16384K, 4% used [0x00000000e4a80000,0x00000000e4b34560,0x00000000e5a80000)
  to   space 16384K, 0% used [0x00000000e3a80000,0x00000000e3a80000,0x00000000e4a80000)
 ParOldGen       total 71168K, used 33912K [0x0000000080000000, 0x0000000084580000, 0x00000000d5580000)
  object space 71168K, 47% used [0x0000000080000000,0x000000008211e2d8,0x0000000084580000)
 Metaspace       used 57284K, capacity 59406K, committed 59492K, reserved 1099776K
  class space    used 7927K, capacity 8334K, committed 8396K, reserved 1048576K
}
Event: 25.344 GC heap before
{Heap before GC invocations=19 (full 3):
 PSYoungGen      total 250880K, used 721K [0x00000000d5580000, 0x00000000e5b00000, 0x0000000100000000)
  eden space 234496K, 0% used [0x00000000d5580000,0x00000000d5580000,0x00000000e3a80000)
  from space 16384K, 4% used [0x00000000e4a80000,0x00000000e4b34560,0x00000000e5a80000)
  to   space 16384K, 0% used [0x00000000e3a80000,0x00000000e3a80000,0x00000000e4a80000)
 ParOldGen       total 71168K, used 33912K [0x0000000080000000, 0x0000000084580000, 0x00000000d5580000)
  object space 71168K, 47% used [0x0000000080000000,0x000000008211e2d8,0x0000000084580000)
 Metaspace       used 57284K, capacity 59406K, committed 59492K, reserved 1099776K
  class space    used 7927K, capacity 8334K, committed 8396K, reserved 1048576K
Event: 25.706 GC heap after
Heap after GC invocations=19 (full 3):
 PSYoungGen      total 250880K, used 0K [0x00000000d5580000, 0x00000000e5b00000, 0x0000000100000000)
  eden space 234496K, 0% used [0x00000000d5580000,0x00000000d5580000,0x00000000e3a80000)
  from space 16384K, 0% used [0x00000000e4a80000,0x00000000e4a80000,0x00000000e5a80000)
  to   space 16384K, 0% used [0x00000000e3a80000,0x00000000e3a80000,0x00000000e4a80000)
 ParOldGen       total 101376K, used 31032K [0x0000000080000000, 0x0000000086300000, 0x00000000d5580000)
  object space 101376K, 30% used [0x0000000080000000,0x0000000081e4e088,0x0000000086300000)
 Metaspace       used 57266K, capacity 59346K, committed 59492K, reserved 1099776K
  class space    used 7922K, capacity 8324K, committed 8396K, reserved 1048576K
}
Event: 31.686 GC heap before
{Heap before GC invocations=20 (full 3):
 PSYoungGen      total 250880K, used 234496K [0x00000000d5580000, 0x00000000e5b00000, 0x0000000100000000)
  eden space 234496K, 100% used [0x00000000d5580000,0x00000000e3a80000,0x00000000e3a80000)
  from space 16384K, 0% used [0x00000000e4a80000,0x00000000e4a80000,0x00000000e5a80000)
  to   space 16384K, 0% used [0x00000000e3a80000,0x00000000e3a80000,0x00000000e4a80000)
 ParOldGen       total 101376K, used 31032K [0x0000000080000000, 0x0000000086300000, 0x00000000d5580000)
  object space 101376K, 30% used [0x0000000080000000,0x0000000081e4e088,0x0000000086300000)
 Metaspace       used 66663K, capacity 69468K, committed 69708K, reserved 1110016K
  class space    used 9235K, capacity 9777K, committed 9804K, reserved 1048576K
Event: 31.778 GC heap after
Heap after GC invocations=20 (full 3):
 PSYoungGen      total 250880K, used 16361K [0x00000000d5580000, 0x00000000ea500000, 0x0000000100000000)
  eden space 234496K, 0% used [0x00000000d5580000,0x00000000d5580000,0x00000000e3a80000)
  from space 16384K, 99% used [0x00000000e3a80000,0x00000000e4a7a4c0,0x00000000e4a80000)
  to   space 23040K, 0% used [0x00000000e8e80000,0x00000000e8e80000,0x00000000ea500000)
 ParOldGen       total 101376K, used 42210K [0x0000000080000000, 0x0000000086300000, 0x00000000d5580000)
  object space 101376K, 41% used [0x0000000080000000,0x0000000082938ae8,0x0000000086300000)
 Metaspace       used 66663K, capacity 69468K, committed 69708K, reserved 1110016K
  class space    used 9235K, capacity 9777K, committed 9804K, reserved 1048576K
}
Event: 39.884 GC heap before
{Heap before GC invocations=21 (full 3):
 PSYoungGen      total 250880K, used 250857K [0x00000000d5580000, 0x00000000ea500000, 0x0000000100000000)
  eden space 234496K, 100% used [0x00000000d5580000,0x00000000e3a80000,0x00000000e3a80000)
  from space 16384K, 99% used [0x00000000e3a80000,0x00000000e4a7a4c0,0x00000000e4a80000)
  to   space 23040K, 0% used [0x00000000e8e80000,0x00000000e8e80000,0x00000000ea500000)
 ParOldGen       total 101376K, used 42210K [0x0000000080000000, 0x0000000086300000, 0x00000000d5580000)
  object space 101376K, 41% used [0x0000000080000000,0x0000000082938ae8,0x0000000086300000)
 Metaspace       used 70702K, capacity 73860K, committed 74188K, reserved 1114112K
  class space    used 9739K, capacity 10321K, committed 10444K, reserved 1048576K
Event: 39.964 GC heap after
Heap after GC invocations=21 (full 3):
 PSYoungGen      total 309248K, used 23020K [0x00000000d5580000, 0x00000000eb680000, 0x0000000100000000)
  eden space 286208K, 0% used [0x00000000d5580000,0x00000000d5580000,0x00000000e6d00000)
  from space 23040K, 99% used [0x00000000e8e80000,0x00000000ea4fb3a8,0x00000000ea500000)
  to   space 34304K, 0% used [0x00000000e6d00000,0x00000000e6d00000,0x00000000e8e80000)
 ParOldGen       total 101376K, used 61422K [0x0000000080000000, 0x0000000086300000, 0x00000000d5580000)
  object space 101376K, 60% used [0x0000000080000000,0x0000000083bfb8f8,0x0000000086300000)
 Metaspace       used 70702K, capacity 73860K, committed 74188K, reserved 1114112K
  class space    used 9739K, capacity 10321K, committed 10444K, reserved 1048576K
}

