# JRE version: Java(TM) SE Runtime Environment (8.0_191-b12) (build 1.8.0_191-b12)
# Java VM: Java HotSpot(TM) 64-Bit Server VM (25.191-b12 mixed mode windows-amd64 compressed oops)
Heap:
 PSYoungGen      total 208896K, used 200205K [0x00000000d5580000, 0x00000000e3f80000, 0x0000000100000000)
  eden space 186880K, 95% used [0x00000000d5580000,0x00000000e046e550,0x00000000e0c00000)
  from space 22016K, 95% used [0x00000000e2480000,0x00000000e3915288,0x00000000e3a00000)
  to   space 25088K, 0% used [0x00000000e0c00000,0x00000000e0c00000,0x00000000e2480000)
 ParOldGen       total 141312K, used 35614K [0x0000000080000000, 0x0000000088a00000, 0x00000000d5580000)
  object space 141312K, 25% used [0x0000000080000000,0x00000000822c7b90,0x0000000088a00000)
 Metaspace       used 75292K, capacity 78954K, committed 79104K, reserved 1118208K
  class space    used 10551K, capacity 11228K, committed 11264K, reserved 1048576K
GC Heap History (10 events):
Event: 17.178 GC heap before
{Heap before GC invocations=13 (full 2):
 PSYoungGen      total 133120K, used 131454K [0x00000000d5580000, 0x00000000de680000, 0x0000000100000000)
  eden space 124928K, 100% used [0x00000000d5580000,0x00000000dcf80000,0x00000000dcf80000)
  from space 8192K, 79% used [0x00000000dde80000,0x00000000de4dfa00,0x00000000de680000)
  to   space 11776K, 0% used [0x00000000dcf80000,0x00000000dcf80000,0x00000000ddb00000)
 ParOldGen       total 90624K, used 15355K [0x0000000080000000, 0x0000000085880000, 0x00000000d5580000)
  object space 90624K, 16% used [0x0000000080000000,0x0000000080efee50,0x0000000085880000)
 Metaspace       used 50458K, capacity 52248K, committed 52352K, reserved 1093632K
  class space    used 6866K, capacity 7252K, committed 7296K, reserved 1048576K
Event: 17.202 GC heap after
Heap after GC invocations=13 (full 2):
 PSYoungGen      total 136704K, used 11774K [0x00000000d5580000, 0x00000000e1300000, 0x0000000100000000)
  eden space 124928K, 0% used [0x00000000d5580000,0x00000000d5580000,0x00000000dcf80000)
  from space 11776K, 99% used [0x00000000dcf80000,0x00000000ddaff9f0,0x00000000ddb00000)
  to   space 16384K, 0% used [0x00000000e0300000,0x00000000e0300000,0x00000000e1300000)
 ParOldGen       total 90624K, used 24060K [0x0000000080000000, 0x0000000085880000, 0x00000000d5580000)
  object space 90624K, 26% used [0x0000000080000000,0x000000008177f000,0x0000000085880000)
 Metaspace       used 50458K, capacity 52248K, committed 52352K, reserved 1093632K
  class space    used 6866K, capacity 7252K, committed 7296K, reserved 1048576K
}
Event: 20.024 GC heap before
{Heap before GC invocations=14 (full 2):
 PSYoungGen      total 136704K, used 112012K [0x00000000d5580000, 0x00000000e1300000, 0x0000000100000000)
  eden space 124928K, 80% used [0x00000000d5580000,0x00000000db763808,0x00000000dcf80000)
  from space 11776K, 99% used [0x00000000dcf80000,0x00000000ddaff9f0,0x00000000ddb00000)
  to   space 16384K, 0% used [0x00000000e0300000,0x00000000e0300000,0x00000000e1300000)
 ParOldGen       total 90624K, used 24060K [0x0000000080000000, 0x0000000085880000, 0x00000000d5580000)
  object space 90624K, 26% used [0x0000000080000000,0x000000008177f000,0x0000000085880000)
 Metaspace       used 56892K, capacity 58998K, committed 59136K, reserved 1099776K
  class space    used 7864K, capacity 8330K, committed 8448K, reserved 1048576K
Event: 20.062 GC heap after
Heap after GC invocations=14 (full 2):
 PSYoungGen      total 173056K, used 16364K [0x00000000d5580000, 0x00000000e1b80000, 0x0000000100000000)
  eden space 156672K, 0% used [0x00000000d5580000,0x00000000d5580000,0x00000000dee80000)
  from space 16384K, 99% used [0x00000000e0300000,0x00000000e12fb330,0x00000000e1300000)
  to   space 20992K, 0% used [0x00000000dee80000,0x00000000dee80000,0x00000000e0300000)
 ParOldGen       total 90624K, used 30807K [0x0000000080000000, 0x0000000085880000, 0x00000000d5580000)
  object space 90624K, 33% used [0x0000000080000000,0x0000000081e15df8,0x0000000085880000)
 Metaspace       used 56892K, capacity 58998K, committed 59136K, reserved 1099776K
  class space    used 7864K, capacity 8330K, committed 8448K, reserved 1048576K
}
Event: 20.062 GC heap before
{Heap before GC invocations=15 (full 3):
 PSYoungGen      total 173056K, used 16364K [0x00000000d5580000, 0x00000000e1b80000, 0x0000000100000000)
  eden space 156672K, 0% used [0x00000000d5580000,0x00000000d5580000,0x00000000dee80000)
  from space 16384K, 99% used [0x00000000e0300000,0x00000000e12fb330,0x00000000e1300000)
  to   space 20992K, 0% used [0x00000000dee80000,0x00000000dee80000,0x00000000e0300000)
 ParOldGen       total 90624K, used 30807K [0x0000000080000000, 0x0000000085880000, 0x00000000d5580000)
  object space 90624K, 33% used [0x0000000080000000,0x0000000081e15df8,0x0000000085880000)
 Metaspace       used 56892K, capacity 58998K, committed 59136K, reserved 1099776K
  class space    used 7864K, capacity 8330K, committed 8448K, reserved 1048576K
Event: 20.417 GC heap after
Heap after GC invocations=15 (full 3):
 PSYoungGen      total 173056K, used 0K [0x00000000d5580000, 0x00000000e1b80000, 0x0000000100000000)
  eden space 156672K, 0% used [0x00000000d5580000,0x00000000d5580000,0x00000000dee80000)
  from space 16384K, 0% used [0x00000000e0300000,0x00000000e0300000,0x00000000e1300000)
  to   space 20992K, 0% used [0x00000000dee80000,0x00000000dee80000,0x00000000e0300000)
 ParOldGen       total 141312K, used 35598K [0x0000000080000000, 0x0000000088a00000, 0x00000000d5580000)
  object space 141312K, 25% used [0x0000000080000000,0x00000000822c3b90,0x0000000088a00000)
 Metaspace       used 56874K, capacity 58938K, committed 59136K, reserved 1099776K
  class space    used 7859K, capacity 8320K, committed 8448K, reserved 1048576K
}
Event: 26.404 GC heap before
{Heap before GC invocations=16 (full 3):
 PSYoungGen      total 173056K, used 156672K [0x00000000d5580000, 0x00000000e1b80000, 0x0000000100000000)
  eden space 156672K, 100% used [0x00000000d5580000,0x00000000dee80000,0x00000000dee80000)
  from space 16384K, 0% used [0x00000000e0300000,0x00000000e0300000,0x00000000e1300000)
  to   space 20992K, 0% used [0x00000000dee80000,0x00000000dee80000,0x00000000e0300000)
 ParOldGen       total 141312K, used 35598K [0x0000000080000000, 0x0000000088a00000, 0x00000000d5580000)
  object space 141312K, 25% used [0x0000000080000000,0x00000000822c3b90,0x0000000088a00000)
 Metaspace       used 65849K, capacity 68652K, committed 68736K, reserved 1107968K
  class space    used 9261K, capacity 9801K, committed 9856K, reserved 1048576K
Event: 26.435 GC heap after
Heap after GC invocations=16 (full 3):
 PSYoungGen      total 177664K, used 15842K [0x00000000d5580000, 0x00000000e3a00000, 0x0000000100000000)
  eden space 156672K, 0% used [0x00000000d5580000,0x00000000d5580000,0x00000000dee80000)
  from space 20992K, 75% used [0x00000000dee80000,0x00000000dfdf8830,0x00000000e0300000)
  to   space 22016K, 0% used [0x00000000e2480000,0x00000000e2480000,0x00000000e3a00000)
 ParOldGen       total 141312K, used 35606K [0x0000000080000000, 0x0000000088a00000, 0x00000000d5580000)
  object space 141312K, 25% used [0x0000000080000000,0x00000000822c5b90,0x0000000088a00000)
 Metaspace       used 65849K, capacity 68652K, committed 68736K, reserved 1107968K
  class space    used 9261K, capacity 9801K, committed 9856K, reserved 1048576K
}
Event: 28.868 GC heap before
{Heap before GC invocations=17 (full 3):
 PSYoungGen      total 177664K, used 172514K [0x00000000d5580000, 0x00000000e3a00000, 0x0000000100000000)
  eden space 156672K, 100% used [0x00000000d5580000,0x00000000dee80000,0x00000000dee80000)
  from space 20992K, 75% used [0x00000000dee80000,0x00000000dfdf8830,0x00000000e0300000)
  to   space 22016K, 0% used [0x00000000e2480000,0x00000000e2480000,0x00000000e3a00000)
 ParOldGen       total 141312K, used 35606K [0x0000000080000000, 0x0000000088a00000, 0x00000000d5580000)
  object space 141312K, 25% used [0x0000000080000000,0x00000000822c5b90,0x0000000088a00000)
 Metaspace       used 70622K, capacity 73560K, committed 73728K, reserved 1112064K
  class space    used 9856K, capacity 10405K, committed 10496K, reserved 1048576K
Event: 28.898 GC heap after
Heap after GC invocations=17 (full 3):
 PSYoungGen      total 208896K, used 21076K [0x00000000d5580000, 0x00000000e3f80000, 0x0000000100000000)
  eden space 186880K, 0% used [0x00000000d5580000,0x00000000d5580000,0x00000000e0c00000)
  from space 22016K, 95% used [0x00000000e2480000,0x00000000e3915288,0x00000000e3a00000)
  to   space 25088K, 0% used [0x00000000e0c00000,0x00000000e0c00000,0x00000000e2480000)
 ParOldGen       total 141312K, used 35614K [0x0000000080000000, 0x0000000088a00000, 0x00000000d5580000)
  object space 141312K, 25% used [0x0000000080000000,0x00000000822c7b90,0x0000000088a00000)
 Metaspace       used 70622K, capacity 73560K, committed 73728K, reserved 1112064K
  class space    used 9856K, capacity 10405K, committed 10496K, reserved 1048576K
}

